===== 2026-07-11T05:50:03.372104Z  (thread: main) =====
java.lang.IllegalStateException: autoShapeType must be enabled.
	at com.badlogic.gdx.graphics.glutils.ShapeRenderer.set(ShapeRenderer.java:219)
	at com.jjktbf.graphics.ui.CombatantPanel.drawShapes(CombatantPanel.java:64)
	at com.jjktbf.graphics.screens.BattleScreen.drawResolution(BattleScreen.java:145)
	at com.jjktbf.graphics.screens.BattleScreen.render(BattleScreen.java:101)
	at com.badlogic.gdx.Game.render(Game.java:48)
	at com.badlogic.gdx.backends.lwjgl3.Lwjgl3Window.update(Lwjgl3Window.java:387)
	at com.badlogic.gdx.backends.lwjgl3.Lwjgl3Application.loop(Lwjgl3Application.java:193)
	at com.badlogic.gdx.backends.lwjgl3.Lwjgl3Application.<init>(Lwjgl3Application.java:167)
	at com.jjktbf.graphics.GraphicsMain.main(GraphicsMain.java:51)
===== 2026-07-11T06:26:13.105559Z  (thread: main) =====
java.lang.NoClassDefFoundError: com/badlogic/gdx/backends/lwjgl3/Lwjgl3Cursor
	at com.badlogic.gdx.backends.lwjgl3.Lwjgl3Application.cleanup(Lwjgl3Application.java:264)
	at com.badlogic.gdx.backends.lwjgl3.Lwjgl3Application.<init>(Lwjgl3Application.java:175)
	at com.jjktbf.graphics.GraphicsMain.main(GraphicsMain.java:44)
Caused by: java.lang.ClassNotFoundException: com.badlogic.gdx.backends.lwjgl3.Lwjgl3Cursor
	at java.base/jdk.internal.loader.BuiltinClassLoader.loadClass(BuiltinClassLoader.java:641)
	at java.base/jdk.internal.loader.ClassLoaders$AppClassLoader.loadClass(ClassLoaders.java:188)
	at java.base/java.lang.ClassLoader.loadClass(ClassLoader.java:525)
	... 3 more
